<?xml version="1.0" encoding="UTF-8"?>
<!-- Generated by org.testng.reporters.JUnitXMLReporter -->
<testsuite ignored="0" hostname="Chozhan" failures="0" tests="1" name="Test" time="0.444" errors="0" timestamp="2024-05-03T11:29:09 IST">
  <testcase classname="com.basepackage.BaseClass" name="@BeforeClass before" time="0.364">
    <failure type="org.openqa.selenium.SessionNotCreatedException" message="Could not start a new session. Possible causes are invalid address of the remote server or browser start-up failure. 
Host info: host: &amp;apos;CHOZHAN&amp;apos;, ip: &amp;apos;192.168.0.104&amp;apos;
Build info: version: &amp;apos;4.20.0&amp;apos;, revision: &amp;apos;866c76ca80&amp;apos;
System info: os.name: &amp;apos;Windows 10&amp;apos;, os.arch: &amp;apos;amd64&amp;apos;, os.version: &amp;apos;10.0&amp;apos;, java.version: &amp;apos;17.0.8.1&amp;apos;
Driver info: io.appium.java_client.android.AndroidDriver
Command: [null, newSession {capabilities=[{appium:platformVersion=11, appium:noReset=false, appium:app=E:\Appium Notes\APKs\max.apk, appium:udid=fbeeb7ea, appium:deviceName=vivo 1951, appium:automationName=UIAutomator2, platformName=ANDROID}], desiredCapabilities=Capabilities {appium:app: E:\Appium Notes\APKs\max.apk, appium:automationName: UIAutomator2, appium:deviceName: vivo 1951, appium:noReset: false, appium:platformVersion: 11, appium:udid: fbeeb7ea, platformName: ANDROID}}]
Capabilities {appium:app: E:\Appium Notes\APKs\max.apk, appium:automationName: UIAutomator2, appium:deviceName: vivo 1951, appium:noReset: false, appium:platformVersion: 11, appium:udid: fbeeb7ea, platformName: ANDROID}">
      <![CDATA[org.openqa.selenium.SessionNotCreatedException: Could not start a new session. Possible causes are invalid address of the remote server or browser start-up failure. 
Host info: host: 'CHOZHAN', ip: '192.168.0.104'
Build info: version: '4.20.0', revision: '866c76ca80'
System info: os.name: 'Windows 10', os.arch: 'amd64', os.version: '10.0', java.version: '17.0.8.1'
Driver info: io.appium.java_client.android.AndroidDriver
Command: [null, newSession {capabilities=[{appium:platformVersion=11, appium:noReset=false, appium:app=E:\Appium Notes\APKs\max.apk, appium:udid=fbeeb7ea, appium:deviceName=vivo 1951, appium:automationName=UIAutomator2, platformName=ANDROID}], desiredCapabilities=Capabilities {appium:app: E:\Appium Notes\APKs\max.apk, appium:automationName: UIAutomator2, appium:deviceName: vivo 1951, appium:noReset: false, appium:platformVersion: 11, appium:udid: fbeeb7ea, platformName: ANDROID}}]
Capabilities {appium:app: E:\Appium Notes\APKs\max.apk, appium:automationName: UIAutomator2, appium:deviceName: vivo 1951, appium:noReset: false, appium:platformVersion: 11, appium:udid: fbeeb7ea, platformName: ANDROID}
at org.openqa.selenium.remote.RemoteWebDriver.execute(RemoteWebDriver.java:536)
at io.appium.java_client.AppiumDriver.startSession(AppiumDriver.java:268)
at org.openqa.selenium.remote.RemoteWebDriver.<init>(RemoteWebDriver.java:161)
at io.appium.java_client.AppiumDriver.<init>(AppiumDriver.java:90)
at io.appium.java_client.AppiumDriver.<init>(AppiumDriver.java:102)
at io.appium.java_client.android.AndroidDriver.<init>(AndroidDriver.java:109)
at com.basepackage.BaseClass.androidAppCapabilities(BaseClass.java:67)
at com.basepackage.BaseClass.launchApp(BaseClass.java:49)
at com.basepackage.BaseClass.before(BaseClass.java:94)
at java.base/java.util.ArrayList.forEach(ArrayList.java:1511)
Caused by: java.lang.NoSuchMethodError: 'org.openqa.selenium.remote.http.Contents$Supplier org.openqa.selenium.remote.http.Contents.asJson(java.lang.Object)'
at org.openqa.selenium.remote.NewSessionPayload.create(NewSessionPayload.java:99)
at org.openqa.selenium.remote.NewSessionPayload.create(NewSessionPayload.java:84)
at org.openqa.selenium.remote.NewSessionPayload.create(NewSessionPayload.java:78)
at io.appium.java_client.remote.AppiumProtocolHandshake.createSession(AppiumProtocolHandshake.java:95)
at io.appium.java_client.remote.AppiumCommandExecutor.createSession(AppiumCommandExecutor.java:176)
at io.appium.java_client.remote.AppiumCommandExecutor.execute(AppiumCommandExecutor.java:237)
at org.openqa.selenium.remote.RemoteWebDriver.execute(RemoteWebDriver.java:518)
... 34 more
... Removed 25 stack frames]]>
    </failure>
  </testcase> <!-- @BeforeClass before -->
  <testcase classname="com.basepackage.BaseClass" name="@AfterClass tearDown" time="0.0">
    <skipped/>
  </testcase> <!-- @AfterClass tearDown -->
  <testcase classname="com.TestCases.Test_001_LoginFunctionality" name="user_successfully_launches_app" time="0.0">
    <skipped/>
  </testcase> <!-- user_successfully_launches_app -->
</testsuite> <!-- Test -->
